mscV5PlusDemo/build/intermediates/manifest_merge_blame_file/debug/manifest-merger-blame-debug-report.txt
1<?xml version="1.0" encoding="utf-8"?>
2<manifest xmlns:android="http://schemas.android.com/apk/res/android"
3    package="com.iflytek.mscv5plusdemo"
4    android:versionCode="1"
5    android:versionName="1.0" >
6
7    <uses-sdk
8        android:minSdkVersion="16"
8-->src\main\AndroidManifest.xml
9        android:targetSdkVersion="30" />
9-->src\main\AndroidManifest.xml
10
11    <uses-permission android:name="android.permission.INTERNET" />
11-->src\main\AndroidManifest.xml:7:5-67
11-->src\main\AndroidManifest.xml:7:22-64
12    <uses-permission android:name="android.permission.RECORD_AUDIO" />
12-->src\main\AndroidManifest.xml:8:5-71
12-->src\main\AndroidManifest.xml:8:22-68
13    <uses-permission android:name="android.permission.READ_PHONE_STATE" />
13-->src\main\AndroidManifest.xml:9:5-75
13-->src\main\AndroidManifest.xml:9:22-72
14    <!-- 连接网络权限，用于执行云端语音能力 -->
15    <uses-permission android:name="android.permission.INTERNET" />
15-->src\main\AndroidManifest.xml:7:5-67
15-->src\main\AndroidManifest.xml:7:22-64
16    <!-- 获取手机录音机使用权限，听写、识别、语义理解需要用到此权限 -->
17    <uses-permission android:name="android.permission.RECORD_AUDIO" />
17-->src\main\AndroidManifest.xml:8:5-71
17-->src\main\AndroidManifest.xml:8:22-68
18    <!-- 读取网络信息状态 -->
19    <uses-permission android:name="android.permission.ACCESS_NETWORK_STATE" />
19-->src\main\AndroidManifest.xml:15:5-78
19-->src\main\AndroidManifest.xml:15:22-76
20    <!-- 获取当前wifi状态 -->
21    <uses-permission android:name="android.permission.ACCESS_WIFI_STATE" />
21-->src\main\AndroidManifest.xml:17:5-75
21-->src\main\AndroidManifest.xml:17:22-73
22    <!-- 允许程序改变网络连接状态 -->
23    <uses-permission android:name="android.permission.CHANGE_NETWORK_STATE" />
23-->src\main\AndroidManifest.xml:19:5-78
23-->src\main\AndroidManifest.xml:19:22-76
24    <!-- 读取手机信息权限 -->
25    <uses-permission android:name="android.permission.READ_PHONE_STATE" />
25-->src\main\AndroidManifest.xml:9:5-75
25-->src\main\AndroidManifest.xml:9:22-72
26    <!-- 读取联系人权限，上传联系人需要用到此权限 -->
27    <uses-permission android:name="android.permission.READ_CONTACTS" />
27-->src\main\AndroidManifest.xml:23:5-71
27-->src\main\AndroidManifest.xml:23:22-69
28    <!-- 外存储写权限，构建语法需要用到此权限 -->
29    <uses-permission android:name="android.permission.WRITE_EXTERNAL_STORAGE" />
29-->src\main\AndroidManifest.xml:25:5-80
29-->src\main\AndroidManifest.xml:25:22-78
30    <!-- 外存储读权限，构建语法需要用到此权限 -->
31    <uses-permission android:name="android.permission.READ_EXTERNAL_STORAGE" />
31-->src\main\AndroidManifest.xml:27:5-79
31-->src\main\AndroidManifest.xml:27:22-77
32    <!-- 配置权限，用来记录应用配置信息 -->
33    <uses-permission android:name="android.permission.WRITE_SETTINGS" />
33-->src\main\AndroidManifest.xml:29:5-72
33-->src\main\AndroidManifest.xml:29:22-70
34    <!-- 手机定位信息，用来为语义等功能提供定位，提供更精准的服务 -->
35    <!-- 定位信息是敏感信息，可通过Setting.setLocationEnable(false)关闭定位请求 -->
36    <uses-permission android:name="android.permission.ACCESS_FINE_LOCATION" />
36-->src\main\AndroidManifest.xml:32:5-78
36-->src\main\AndroidManifest.xml:32:22-76
37    <!-- 如需使用人脸识别，还要添加：摄相头权限，拍照需要用到 -->
38    <uses-permission android:name="android.permission.CAMERA" />
38-->src\main\AndroidManifest.xml:34:5-65
38-->src\main\AndroidManifest.xml:34:22-62
39
40    <application
40-->src\main\AndroidManifest.xml:36:5-79:19
41        android:name="com.iflytek.mscv5plusdemo.SpeechApp"
41-->src\main\AndroidManifest.xml:38:9-33
42        android:appComponentFactory="androidx.core.app.CoreComponentFactory"
42-->[androidx.core:core:1.5.0] AndroidManifest.xml:24:18-86
43        android:debuggable="true"
44        android:icon="@drawable/icon"
44-->src\main\AndroidManifest.xml:37:9-38
45        android:label="讯飞语音示例v5+"
45-->src\main\AndroidManifest.xml:39:9-34
46        android:testOnly="true" >
47        <activity
47-->src\main\AndroidManifest.xml:40:9-51:20
48            android:name="com.iflytek.mscv5plusdemo.MainActivity"
48-->src\main\AndroidManifest.xml:41:13-66
49            android:configChanges="mcc|mnc|locale|touchscreen|keyboard|keyboardHidden|navigation|orientation|screenLayout|fontScale"
49-->src\main\AndroidManifest.xml:42:13-133
50            android:icon="@drawable/icon"
50-->src\main\AndroidManifest.xml:43:13-42
51            android:label="讯飞语音示例v5+"
51-->src\main\AndroidManifest.xml:44:13-38
52            android:screenOrientation="portrait" >
52-->src\main\AndroidManifest.xml:45:13-49
53            <intent-filter>
53-->src\main\AndroidManifest.xml:46:13-50:29
54                <action android:name="android.intent.action.MAIN" />
54-->src\main\AndroidManifest.xml:47:17-69
54-->src\main\AndroidManifest.xml:47:25-66
55
56                <category android:name="android.intent.category.LAUNCHER" />
56-->src\main\AndroidManifest.xml:49:17-77
56-->src\main\AndroidManifest.xml:49:27-74
57            </intent-filter>
58        </activity>
59        <activity android:name="com.iflytek.speech.setting.TtsSettings" />
59-->src\main\AndroidManifest.xml:52:9-74
59-->src\main\AndroidManifest.xml:52:19-72
60        <activity android:name="com.iflytek.speech.setting.IatSettings" />
60-->src\main\AndroidManifest.xml:53:9-74
60-->src\main\AndroidManifest.xml:53:19-72
61        <activity
61-->src\main\AndroidManifest.xml:54:9-57:51
62            android:name="com.iflytek.mscv5plusdemo.IatDemo"
62-->src\main\AndroidManifest.xml:55:13-61
63            android:configChanges="mcc|mnc|locale|touchscreen|keyboard|keyboardHidden|navigation|orientation|screenLayout|fontScale"
63-->src\main\AndroidManifest.xml:56:13-133
64            android:screenOrientation="portrait" />
64-->src\main\AndroidManifest.xml:57:13-49
65        <activity
65-->src\main\AndroidManifest.xml:58:9-61:51
66            android:name="com.iflytek.mscv5plusdemo.AsrDemo"
66-->src\main\AndroidManifest.xml:59:13-61
67            android:configChanges="mcc|mnc|locale|touchscreen|keyboard|keyboardHidden|navigation|orientation|screenLayout|fontScale"
67-->src\main\AndroidManifest.xml:60:13-133
68            android:screenOrientation="portrait" />
68-->src\main\AndroidManifest.xml:61:13-49
69        <activity
69-->src\main\AndroidManifest.xml:62:9-65:51
70            android:name="com.iflytek.mscv5plusdemo.TtsDemo"
70-->src\main\AndroidManifest.xml:63:13-61
71            android:configChanges="mcc|mnc|locale|touchscreen|keyboard|keyboardHidden|navigation|orientation|screenLayout|fontScale"
71-->src\main\AndroidManifest.xml:64:13-133
72            android:screenOrientation="portrait" />
72-->src\main\AndroidManifest.xml:65:13-49
73        <activity
73-->src\main\AndroidManifest.xml:66:9-69:51
74            android:name="com.iflytek.mscv5plusdemo.IvwActivity"
74-->src\main\AndroidManifest.xml:67:13-65
75            android:configChanges="mcc|mnc|locale|touchscreen|keyboard|keyboardHidden|navigation|orientation|screenLayout|fontScale"
75-->src\main\AndroidManifest.xml:68:13-133
76            android:screenOrientation="portrait" />
76-->src\main\AndroidManifest.xml:69:13-49
77        <activity
77-->src\main\AndroidManifest.xml:70:9-73:51
78            android:name="com.iflytek.mscv5plusdemo.WakeDemo"
78-->src\main\AndroidManifest.xml:71:13-62
79            android:configChanges="mcc|mnc|locale|touchscreen|keyboard|keyboardHidden|navigation|orientation|screenLayout|fontScale"
79-->src\main\AndroidManifest.xml:72:13-133
80            android:screenOrientation="portrait" />
80-->src\main\AndroidManifest.xml:73:13-49
81        <activity
81-->src\main\AndroidManifest.xml:74:9-77:51
82            android:name="com.iflytek.mscv5plusdemo.OneShotDemo"
82-->src\main\AndroidManifest.xml:75:13-65
83            android:configChanges="mcc|mnc|locale|touchscreen|keyboard|keyboardHidden|navigation|orientation|screenLayout|fontScale"
83-->src\main\AndroidManifest.xml:76:13-133
84            android:screenOrientation="portrait" />
84-->src\main\AndroidManifest.xml:77:13-49
85    </application>
86
87</manifest>